2018.04.24 22:12:57:
--------------------------------
SELECT 
 count( posts.id ) as count 
FROM 
	posts
	LEFT JOIN categories as categ ON ( categ.id = posts.category )
	LEFT JOIN posts_tags as ptags ON ( ptags.post_id = posts.id AND ptags.tag_id > 0 )
	LEFT JOIN users as usr ON ( usr.id = posts.author_id )
WHERE 
	posts.id > 0 AND
	categ.id > 0 AND
	posts.posted = 1 

 ;
-- %QUERY_CACHABLE
-- USER_ID: 0
--------------------------------
2018.04.24 22:12:57:
--------------------------------
SELECT 
-- SELECT 
	posts.id as "post.id", 
	posts.title as "post.title", 
	posts.alt_title as "post.alt_title", 
	posts.descr as "post.descr", 
	posts.short_post as "post.short_post", 
	posts.author_id as "post.author_id", 
	posts.created_time as "post.created_time", 
	posts.keywords as "post.keywords", 
	posts.posted as "post.posted", 
	posts.fixed as "post.fixed", 
	posts.static as "post.static", 
	categ.id as "categ.id", 
	categ.altname as "categ.altname", 
	categ.name as "categ.name", 
	usr.login as "usr.login", 
	usr.email as "usr.email"
-- SELECT
FROM 
	posts
	LEFT JOIN categories as categ ON ( categ.id = posts.category )
	LEFT JOIN posts_tags as ptags ON ( ptags.post_id = posts.id AND ptags.tag_id > 0 )
	LEFT JOIN users as usr ON ( usr.id = posts.author_id )
WHERE 
	posts.id > 0 AND
	categ.id > 0 AND
	posts.posted = 1 
-- ORDER
ORDER BY posts.posted ASC, posts.fixed DESC, posts.created_time DESC 
-- ORDER
OFFSET 0 LIMIT 10;
-- %QUERY_CACHABLE
-- USER_ID: 0
--------------------------------
2018.04.24 22:12:57:
--------------------------------
SELECT tg.*, ptags.post_id FROM tags as tg LEFT JOIN posts_tags as ptags ON (tg.id = ptags.tag_id) WHERE tg.id > 0 AND ptags.post_id IN (4,3,2,1) ORDER by tg.name; -- %QUERY_CACHABLE
--------------------------------
2018.04.24 22:12:57:
--------------------------------
SELECT 
 count( posts.id ) as count 
FROM 
	posts
	LEFT JOIN categories as categ ON ( categ.id = posts.category )
	LEFT JOIN posts_tags as ptags ON ( ptags.post_id = posts.id AND ptags.tag_id > 0 )
	LEFT JOIN users as usr ON ( usr.id = posts.author_id )
WHERE 
	posts.id > 0 AND
	categ.id > 0 AND
	posts.posted = 1 

 ;
-- %QUERY_CACHABLE
-- USER_ID: 0
--------------------------------
2018.04.24 22:12:57:
--------------------------------
SELECT 
-- SELECT 
	posts.id as "post.id", 
	posts.title as "post.title", 
	posts.alt_title as "post.alt_title", 
	posts.descr as "post.descr", 
	posts.short_post as "post.short_post", 
	posts.author_id as "post.author_id", 
	posts.created_time as "post.created_time", 
	posts.keywords as "post.keywords", 
	posts.posted as "post.posted", 
	posts.fixed as "post.fixed", 
	posts.static as "post.static", 
	categ.id as "categ.id", 
	categ.altname as "categ.altname", 
	categ.name as "categ.name", 
	usr.login as "usr.login", 
	usr.email as "usr.email"
-- SELECT
FROM 
	posts
	LEFT JOIN categories as categ ON ( categ.id = posts.category )
	LEFT JOIN posts_tags as ptags ON ( ptags.post_id = posts.id AND ptags.tag_id > 0 )
	LEFT JOIN users as usr ON ( usr.id = posts.author_id )
WHERE 
	posts.id > 0 AND
	categ.id > 0 AND
	posts.posted = 1 
-- ORDER
ORDER BY posts.posted ASC, posts.fixed DESC, posts.created_time DESC 
-- ORDER
OFFSET 0 LIMIT 10;
-- %QUERY_CACHABLE
-- USER_ID: 0
--------------------------------
2018.04.24 22:12:57:
--------------------------------
SELECT tg.*, ptags.post_id FROM tags as tg LEFT JOIN posts_tags as ptags ON (tg.id = ptags.tag_id) WHERE tg.id > 0 AND ptags.post_id IN (4,3,2,1) ORDER by tg.name; -- %QUERY_CACHABLE
--------------------------------
2018.04.24 22:13:58:
--------------------------------
SELECT 
 count( posts.id ) as count 
FROM 
	posts
	LEFT JOIN categories as categ ON ( categ.id = posts.category )
	LEFT JOIN posts_tags as ptags ON ( ptags.post_id = posts.id AND ptags.tag_id > 0 )
	LEFT JOIN users as usr ON ( usr.id = posts.author_id )
WHERE 
	posts.id > 0 AND
	categ.id > 0 AND
	posts.posted = 1 

 ;
-- %QUERY_CACHABLE
-- USER_ID: 0
--------------------------------
2018.04.24 22:13:58:
--------------------------------
SELECT 
-- SELECT 
	posts.id as "post.id", 
	posts.title as "post.title", 
	posts.alt_title as "post.alt_title", 
	posts.descr as "post.descr", 
	posts.short_post as "post.short_post", 
	posts.author_id as "post.author_id", 
	posts.created_time as "post.created_time", 
	posts.keywords as "post.keywords", 
	posts.posted as "post.posted", 
	posts.fixed as "post.fixed", 
	posts.static as "post.static", 
	categ.id as "categ.id", 
	categ.altname as "categ.altname", 
	categ.name as "categ.name", 
	usr.login as "usr.login", 
	usr.email as "usr.email"
-- SELECT
FROM 
	posts
	LEFT JOIN categories as categ ON ( categ.id = posts.category )
	LEFT JOIN posts_tags as ptags ON ( ptags.post_id = posts.id AND ptags.tag_id > 0 )
	LEFT JOIN users as usr ON ( usr.id = posts.author_id )
WHERE 
	posts.id > 0 AND
	categ.id > 0 AND
	posts.posted = 1 
-- ORDER
ORDER BY posts.posted ASC, posts.fixed DESC, posts.created_time DESC 
-- ORDER
OFFSET 0 LIMIT 10;
-- %QUERY_CACHABLE
-- USER_ID: 0
--------------------------------
2018.04.24 22:18:22:
--------------------------------
SELECT 
 count( posts.id ) as count 
FROM 
	posts
	LEFT JOIN categories as categ ON ( categ.id = posts.category )
	LEFT JOIN posts_tags as ptags ON ( ptags.post_id = posts.id AND ptags.tag_id > 0 )
	LEFT JOIN users as usr ON ( usr.id = posts.author_id )
WHERE 
	posts.id > 0 AND
	categ.id > 0 AND
	posts.posted = 1 

 ;
-- %QUERY_CACHABLE
-- USER_ID: 0
--------------------------------
2018.04.24 22:18:22:
--------------------------------
SELECT 
-- SELECT 
	posts.id as "post.id", 
	posts.title as "post.title", 
	posts.alt_title as "post.alt_title", 
	posts.descr as "post.descr", 
	posts.short_post as "post.short_post", 
	posts.author_id as "post.author_id", 
	posts.created_time as "post.created_time", 
	posts.keywords as "post.keywords", 
	posts.posted as "post.posted", 
	posts.fixed as "post.fixed", 
	posts.static as "post.static", 
	categ.id as "categ.id", 
	categ.altname as "categ.altname", 
	categ.name as "categ.name", 
	usr.login as "usr.login", 
	usr.email as "usr.email"
-- SELECT
FROM 
	posts
	LEFT JOIN categories as categ ON ( categ.id = posts.category )
	LEFT JOIN posts_tags as ptags ON ( ptags.post_id = posts.id AND ptags.tag_id > 0 )
	LEFT JOIN users as usr ON ( usr.id = posts.author_id )
WHERE 
	posts.id > 0 AND
	categ.id > 0 AND
	posts.posted = 1 
-- ORDER
ORDER BY posts.posted ASC, posts.fixed DESC, posts.created_time DESC 
-- ORDER
OFFSET 0 LIMIT 10;
-- %QUERY_CACHABLE
-- USER_ID: 0
--------------------------------
2018.04.24 22:18:30:
--------------------------------
SELECT 
 count( posts.id ) as count 
FROM 
	posts
	LEFT JOIN categories as categ ON ( categ.id = posts.category )
	LEFT JOIN posts_tags as ptags ON ( ptags.post_id = posts.id AND ptags.tag_id > 0 )
	LEFT JOIN users as usr ON ( usr.id = posts.author_id )
WHERE 
	posts.id > 0 AND
	categ.id > 0 AND
	posts.posted = 1 

 ;
-- %QUERY_CACHABLE
-- USER_ID: 0
--------------------------------
2018.04.24 22:18:30:
--------------------------------
SELECT 
-- SELECT 
	posts.id as "post.id", 
	posts.title as "post.title", 
	posts.alt_title as "post.alt_title", 
	posts.descr as "post.descr", 
	posts.short_post as "post.short_post", 
	posts.author_id as "post.author_id", 
	posts.created_time as "post.created_time", 
	posts.keywords as "post.keywords", 
	posts.posted as "post.posted", 
	posts.fixed as "post.fixed", 
	posts.static as "post.static", 
	categ.id as "categ.id", 
	categ.altname as "categ.altname", 
	categ.name as "categ.name", 
	usr.login as "usr.login", 
	usr.email as "usr.email"
-- SELECT
FROM 
	posts
	LEFT JOIN categories as categ ON ( categ.id = posts.category )
	LEFT JOIN posts_tags as ptags ON ( ptags.post_id = posts.id AND ptags.tag_id > 0 )
	LEFT JOIN users as usr ON ( usr.id = posts.author_id )
WHERE 
	posts.id > 0 AND
	categ.id > 0 AND
	posts.posted = 1 
-- ORDER
ORDER BY posts.posted ASC, posts.fixed DESC, posts.created_time DESC 
-- ORDER
OFFSET 0 LIMIT 10;
-- %QUERY_CACHABLE
-- USER_ID: 0
--------------------------------
2018.04.24 22:18:30:
--------------------------------
SELECT tg.*, ptags.post_id FROM tags as tg LEFT JOIN posts_tags as ptags ON (tg.id = ptags.tag_id) WHERE tg.id > 0 AND ptags.post_id IN (4,3,2,1) ORDER by tg.name; -- %QUERY_CACHABLE
--------------------------------
2018.04.24 22:18:31:
--------------------------------
SELECT 
 count( posts.id ) as count 
FROM 
	posts
	LEFT JOIN categories as categ ON ( categ.id = posts.category )
	LEFT JOIN posts_tags as ptags ON ( ptags.post_id = posts.id AND ptags.tag_id > 0 )
	LEFT JOIN users as usr ON ( usr.id = posts.author_id )
WHERE 
	posts.id > 0 AND
	categ.id > 0 AND
	posts.posted = 1 

 ;
-- %QUERY_CACHABLE
-- USER_ID: 0
--------------------------------
2018.04.24 22:18:31:
--------------------------------
SELECT 
-- SELECT 
	posts.id as "post.id", 
	posts.title as "post.title", 
	posts.alt_title as "post.alt_title", 
	posts.descr as "post.descr", 
	posts.short_post as "post.short_post", 
	posts.author_id as "post.author_id", 
	posts.created_time as "post.created_time", 
	posts.keywords as "post.keywords", 
	posts.posted as "post.posted", 
	posts.fixed as "post.fixed", 
	posts.static as "post.static", 
	categ.id as "categ.id", 
	categ.altname as "categ.altname", 
	categ.name as "categ.name", 
	usr.login as "usr.login", 
	usr.email as "usr.email"
-- SELECT
FROM 
	posts
	LEFT JOIN categories as categ ON ( categ.id = posts.category )
	LEFT JOIN posts_tags as ptags ON ( ptags.post_id = posts.id AND ptags.tag_id > 0 )
	LEFT JOIN users as usr ON ( usr.id = posts.author_id )
WHERE 
	posts.id > 0 AND
	categ.id > 0 AND
	posts.posted = 1 
-- ORDER
ORDER BY posts.posted ASC, posts.fixed DESC, posts.created_time DESC 
-- ORDER
OFFSET 0 LIMIT 10;
-- %QUERY_CACHABLE
-- USER_ID: 0
--------------------------------
2018.04.24 22:18:31:
--------------------------------
SELECT tg.*, ptags.post_id FROM tags as tg LEFT JOIN posts_tags as ptags ON (tg.id = ptags.tag_id) WHERE tg.id > 0 AND ptags.post_id IN (4,3,2,1) ORDER by tg.name; -- %QUERY_CACHABLE
--------------------------------
2018.04.24 22:18:33:
--------------------------------
SELECT 
 count( posts.id ) as count 
FROM 
	posts
	LEFT JOIN categories as categ ON ( categ.id = posts.category )
	LEFT JOIN posts_tags as ptags ON ( ptags.post_id = posts.id AND ptags.tag_id > 0 )
	LEFT JOIN users as usr ON ( usr.id = posts.author_id )
WHERE 
	posts.id > 0 AND
	categ.id > 0 AND
	posts.posted = 1 AND
	posts.id = 4 

 ;
-- %QUERY_CACHABLE
-- USER_ID: 0
--------------------------------
2018.04.24 22:18:33:
--------------------------------
SELECT 
-- SELECT 
	posts.id as "post.id", 
	posts.title as "post.title", 
	posts.alt_title as "post.alt_title", 
	posts.descr as "post.descr", 
	posts.short_post as "post.short_post", 
	posts.author_id as "post.author_id", 
	posts.created_time as "post.created_time", 
	posts.keywords as "post.keywords", 
	posts.posted as "post.posted", 
	posts.fixed as "post.fixed", 
	posts.static as "post.static", 
	categ.id as "categ.id", 
	categ.altname as "categ.altname", 
	categ.name as "categ.name", 
	usr.login as "usr.login", 
	usr.email as "usr.email", 
	posts.full_post as "post.full_post"
-- SELECT
FROM 
	posts
	LEFT JOIN categories as categ ON ( categ.id = posts.category )
	LEFT JOIN posts_tags as ptags ON ( ptags.post_id = posts.id AND ptags.tag_id > 0 )
	LEFT JOIN users as usr ON ( usr.id = posts.author_id )
WHERE 
	posts.id > 0 AND
	categ.id > 0 AND
	posts.posted = 1 AND
	posts.id = 4 
-- ORDER
ORDER BY posts.posted ASC, posts.fixed DESC, posts.created_time DESC 
-- ORDER
OFFSET 0 LIMIT 10;
-- %QUERY_CACHABLE
-- USER_ID: 0
--------------------------------
2018.04.24 22:18:33:
--------------------------------
SELECT tg.*, ptags.post_id FROM tags as tg LEFT JOIN posts_tags as ptags ON (tg.id = ptags.tag_id) WHERE tg.id > 0 AND ptags.post_id IN (4) ORDER by tg.name; -- %QUERY_CACHABLE
--------------------------------
2018.04.24 22:19:37:
--------------------------------
SELECT 
-- SELECT 
	posts.id as "post.id", 
	posts.title as "post.title", 
	posts.alt_title as "post.alt_title", 
	posts.descr as "post.descr", 
	posts.short_post as "post.short_post", 
	posts.author_id as "post.author_id", 
	posts.created_time as "post.created_time", 
	posts.keywords as "post.keywords", 
	posts.posted as "post.posted", 
	posts.fixed as "post.fixed", 
	posts.static as "post.static", 
	categ.id as "categ.id", 
	categ.altname as "categ.altname", 
	categ.name as "categ.name", 
	usr.login as "usr.login", 
	usr.email as "usr.email", 
	posts.full_post as "post.full_post"
-- SELECT
FROM 
	posts
	LEFT JOIN categories as categ ON ( categ.id = posts.category )
	LEFT JOIN posts_tags as ptags ON ( ptags.post_id = posts.id AND ptags.tag_id > 0 )
	LEFT JOIN users as usr ON ( usr.id = posts.author_id )
WHERE 
	posts.id > 0 AND
	categ.id > 0 AND
	posts.posted = 1 AND
	posts.id = 4 
-- ORDER
ORDER BY posts.posted ASC, posts.fixed DESC, posts.created_time DESC 
-- ORDER
OFFSET 0 LIMIT 10;
-- %QUERY_CACHABLE
-- USER_ID: 0
--------------------------------
2018.04.24 22:19:37:
--------------------------------
SELECT tg.*, ptags.post_id FROM tags as tg LEFT JOIN posts_tags as ptags ON (tg.id = ptags.tag_id) WHERE tg.id > 0 AND ptags.post_id IN (4) ORDER by tg.name; -- %QUERY_CACHABLE
--------------------------------
2018.04.24 22:19:40:
--------------------------------
SELECT 
-- SELECT 
	posts.id as "post.id", 
	posts.title as "post.title", 
	posts.alt_title as "post.alt_title", 
	posts.descr as "post.descr", 
	posts.short_post as "post.short_post", 
	posts.author_id as "post.author_id", 
	posts.created_time as "post.created_time", 
	posts.keywords as "post.keywords", 
	posts.posted as "post.posted", 
	posts.fixed as "post.fixed", 
	posts.static as "post.static", 
	categ.id as "categ.id", 
	categ.altname as "categ.altname", 
	categ.name as "categ.name", 
	usr.login as "usr.login", 
	usr.email as "usr.email"
-- SELECT
FROM 
	posts
	LEFT JOIN categories as categ ON ( categ.id = posts.category )
	LEFT JOIN posts_tags as ptags ON ( ptags.post_id = posts.id AND ptags.tag_id > 0 )
	LEFT JOIN users as usr ON ( usr.id = posts.author_id )
WHERE 
	posts.id > 0 AND
	categ.id > 0 AND
	posts.posted = 1 
-- ORDER
ORDER BY posts.posted ASC, posts.fixed DESC, posts.created_time DESC 
-- ORDER
OFFSET 0 LIMIT 10;
-- %QUERY_CACHABLE
-- USER_ID: 0
--------------------------------
2018.04.24 22:19:40:
--------------------------------
SELECT tg.*, ptags.post_id FROM tags as tg LEFT JOIN posts_tags as ptags ON (tg.id = ptags.tag_id) WHERE tg.id > 0 AND ptags.post_id IN (4,3,2,1) ORDER by tg.name; -- %QUERY_CACHABLE
--------------------------------
2018.04.24 22:19:40:
--------------------------------
SELECT 
-- SELECT 
	posts.id as "post.id", 
	posts.title as "post.title", 
	posts.alt_title as "post.alt_title", 
	posts.descr as "post.descr", 
	posts.short_post as "post.short_post", 
	posts.author_id as "post.author_id", 
	posts.created_time as "post.created_time", 
	posts.keywords as "post.keywords", 
	posts.posted as "post.posted", 
	posts.fixed as "post.fixed", 
	posts.static as "post.static", 
	categ.id as "categ.id", 
	categ.altname as "categ.altname", 
	categ.name as "categ.name", 
	usr.login as "usr.login", 
	usr.email as "usr.email"
-- SELECT
FROM 
	posts
	LEFT JOIN categories as categ ON ( categ.id = posts.category )
	LEFT JOIN posts_tags as ptags ON ( ptags.post_id = posts.id AND ptags.tag_id > 0 )
	LEFT JOIN users as usr ON ( usr.id = posts.author_id )
WHERE 
	posts.id > 0 AND
	categ.id > 0 AND
	posts.posted = 1 
-- ORDER
ORDER BY posts.posted ASC, posts.fixed DESC, posts.created_time DESC 
-- ORDER
OFFSET 0 LIMIT 10;
-- %QUERY_CACHABLE
-- USER_ID: 0
--------------------------------
2018.04.24 22:19:40:
--------------------------------
SELECT tg.*, ptags.post_id FROM tags as tg LEFT JOIN posts_tags as ptags ON (tg.id = ptags.tag_id) WHERE tg.id > 0 AND ptags.post_id IN (4,3,2,1) ORDER by tg.name; -- %QUERY_CACHABLE
--------------------------------
2018.04.24 22:19:41:
--------------------------------
SELECT 
-- SELECT 
	posts.id as "post.id", 
	posts.title as "post.title", 
	posts.alt_title as "post.alt_title", 
	posts.descr as "post.descr", 
	posts.short_post as "post.short_post", 
	posts.author_id as "post.author_id", 
	posts.created_time as "post.created_time", 
	posts.keywords as "post.keywords", 
	posts.posted as "post.posted", 
	posts.fixed as "post.fixed", 
	posts.static as "post.static", 
	categ.id as "categ.id", 
	categ.altname as "categ.altname", 
	categ.name as "categ.name", 
	usr.login as "usr.login", 
	usr.email as "usr.email"
-- SELECT
FROM 
	posts
	LEFT JOIN categories as categ ON ( categ.id = posts.category )
	LEFT JOIN posts_tags as ptags ON ( ptags.post_id = posts.id AND ptags.tag_id > 0 )
	LEFT JOIN users as usr ON ( usr.id = posts.author_id )
WHERE 
	posts.id > 0 AND
	categ.id = 1 AND
	posts.posted = 1 
-- ORDER
ORDER BY posts.posted ASC, posts.fixed DESC, posts.created_time DESC 
-- ORDER
OFFSET 0 LIMIT 10;
-- %QUERY_CACHABLE
-- USER_ID: 0
--------------------------------
2018.04.24 22:19:41:
--------------------------------
SELECT tg.*, ptags.post_id FROM tags as tg LEFT JOIN posts_tags as ptags ON (tg.id = ptags.tag_id) WHERE tg.id > 0 AND ptags.post_id IN (4,3,2,1) ORDER by tg.name; -- %QUERY_CACHABLE
--------------------------------
2018.04.24 22:19:43:
--------------------------------
SELECT 
-- SELECT 
	posts.id as "post.id", 
	posts.title as "post.title", 
	posts.alt_title as "post.alt_title", 
	posts.descr as "post.descr", 
	posts.short_post as "post.short_post", 
	posts.author_id as "post.author_id", 
	posts.created_time as "post.created_time", 
	posts.keywords as "post.keywords", 
	posts.posted as "post.posted", 
	posts.fixed as "post.fixed", 
	posts.static as "post.static", 
	categ.id as "categ.id", 
	categ.altname as "categ.altname", 
	categ.name as "categ.name", 
	usr.login as "usr.login", 
	usr.email as "usr.email"
-- SELECT
FROM 
	posts
	LEFT JOIN categories as categ ON ( categ.id = posts.category )
	LEFT JOIN posts_tags as ptags ON ( ptags.post_id = posts.id AND ptags.tag_id > 0 )
	LEFT JOIN users as usr ON ( usr.id = posts.author_id )
WHERE 
	posts.id > 0 AND
	categ.id > 0 AND
	posts.posted = 1 
-- ORDER
ORDER BY posts.posted ASC, posts.fixed DESC, posts.created_time DESC 
-- ORDER
OFFSET 0 LIMIT 10;
-- %QUERY_CACHABLE
-- USER_ID: 0
--------------------------------
2018.04.24 22:19:43:
--------------------------------
SELECT tg.*, ptags.post_id FROM tags as tg LEFT JOIN posts_tags as ptags ON (tg.id = ptags.tag_id) WHERE tg.id > 0 AND ptags.post_id IN (4,3,2,1) ORDER by tg.name; -- %QUERY_CACHABLE
--------------------------------
2018.04.24 22:19:43:
--------------------------------
SELECT 
-- SELECT 
	posts.id as "post.id", 
	posts.title as "post.title", 
	posts.alt_title as "post.alt_title", 
	posts.descr as "post.descr", 
	posts.short_post as "post.short_post", 
	posts.author_id as "post.author_id", 
	posts.created_time as "post.created_time", 
	posts.keywords as "post.keywords", 
	posts.posted as "post.posted", 
	posts.fixed as "post.fixed", 
	posts.static as "post.static", 
	categ.id as "categ.id", 
	categ.altname as "categ.altname", 
	categ.name as "categ.name", 
	usr.login as "usr.login", 
	usr.email as "usr.email"
-- SELECT
FROM 
	posts
	LEFT JOIN categories as categ ON ( categ.id = posts.category )
	LEFT JOIN posts_tags as ptags ON ( ptags.post_id = posts.id AND ptags.tag_id > 0 )
	LEFT JOIN users as usr ON ( usr.id = posts.author_id )
WHERE 
	posts.id > 0 AND
	categ.id > 0 AND
	posts.posted = 1 
-- ORDER
ORDER BY posts.posted ASC, posts.fixed DESC, posts.created_time DESC 
-- ORDER
OFFSET 0 LIMIT 10;
-- %QUERY_CACHABLE
-- USER_ID: 0
--------------------------------
2018.04.24 22:19:43:
--------------------------------
SELECT tg.*, ptags.post_id FROM tags as tg LEFT JOIN posts_tags as ptags ON (tg.id = ptags.tag_id) WHERE tg.id > 0 AND ptags.post_id IN (4,3,2,1) ORDER by tg.name; -- %QUERY_CACHABLE
--------------------------------
2018.04.24 22:19:44:
--------------------------------
SELECT 
-- SELECT 
	posts.id as "post.id", 
	posts.title as "post.title", 
	posts.alt_title as "post.alt_title", 
	posts.descr as "post.descr", 
	posts.short_post as "post.short_post", 
	posts.author_id as "post.author_id", 
	posts.created_time as "post.created_time", 
	posts.keywords as "post.keywords", 
	posts.posted as "post.posted", 
	posts.fixed as "post.fixed", 
	posts.static as "post.static", 
	categ.id as "categ.id", 
	categ.altname as "categ.altname", 
	categ.name as "categ.name", 
	usr.login as "usr.login", 
	usr.email as "usr.email"
-- SELECT
FROM 
	posts
	LEFT JOIN categories as categ ON ( categ.id = posts.category )
	LEFT JOIN posts_tags as ptags ON ( ptags.post_id = posts.id AND ptags.tag_id > 0 )
	LEFT JOIN users as usr ON ( usr.id = posts.author_id )
WHERE 
	posts.id > 0 AND
	categ.id > 0 AND
	posts.posted = 1 
-- ORDER
ORDER BY posts.posted ASC, posts.fixed DESC, posts.created_time DESC 
-- ORDER
OFFSET 0 LIMIT 10;
-- %QUERY_CACHABLE
-- USER_ID: 0
--------------------------------
2018.04.24 22:19:44:
--------------------------------
SELECT tg.*, ptags.post_id FROM tags as tg LEFT JOIN posts_tags as ptags ON (tg.id = ptags.tag_id) WHERE tg.id > 0 AND ptags.post_id IN (4,3,2,1) ORDER by tg.name; -- %QUERY_CACHABLE
--------------------------------
2018.04.24 22:19:44:
--------------------------------
SELECT 
-- SELECT 
	posts.id as "post.id", 
	posts.title as "post.title", 
	posts.alt_title as "post.alt_title", 
	posts.descr as "post.descr", 
	posts.short_post as "post.short_post", 
	posts.author_id as "post.author_id", 
	posts.created_time as "post.created_time", 
	posts.keywords as "post.keywords", 
	posts.posted as "post.posted", 
	posts.fixed as "post.fixed", 
	posts.static as "post.static", 
	categ.id as "categ.id", 
	categ.altname as "categ.altname", 
	categ.name as "categ.name", 
	usr.login as "usr.login", 
	usr.email as "usr.email"
-- SELECT
FROM 
	posts
	LEFT JOIN categories as categ ON ( categ.id = posts.category )
	LEFT JOIN posts_tags as ptags ON ( ptags.post_id = posts.id AND ptags.tag_id > 0 )
	LEFT JOIN users as usr ON ( usr.id = posts.author_id )
WHERE 
	posts.id > 0 AND
	categ.id > 0 AND
	posts.posted = 1 
-- ORDER
ORDER BY posts.posted ASC, posts.fixed DESC, posts.created_time DESC 
-- ORDER
OFFSET 0 LIMIT 10;
-- %QUERY_CACHABLE
-- USER_ID: 0
--------------------------------
2018.04.24 22:19:44:
--------------------------------
SELECT tg.*, ptags.post_id FROM tags as tg LEFT JOIN posts_tags as ptags ON (tg.id = ptags.tag_id) WHERE tg.id > 0 AND ptags.post_id IN (4,3,2,1) ORDER by tg.name; -- %QUERY_CACHABLE
--------------------------------
2018.04.24 22:20:30:
--------------------------------
SELECT 
-- SELECT 
	posts.id as "post.id", 
	posts.title as "post.title", 
	posts.alt_title as "post.alt_title", 
	posts.descr as "post.descr", 
	posts.short_post as "post.short_post", 
	posts.author_id as "post.author_id", 
	posts.created_time as "post.created_time", 
	posts.keywords as "post.keywords", 
	posts.posted as "post.posted", 
	posts.fixed as "post.fixed", 
	posts.static as "post.static", 
	categ.id as "categ.id", 
	categ.altname as "categ.altname", 
	categ.name as "categ.name", 
	usr.login as "usr.login", 
	usr.email as "usr.email"
-- SELECT
FROM 
	posts
	LEFT JOIN categories as categ ON ( categ.id = posts.category )
	LEFT JOIN posts_tags as ptags ON ( ptags.post_id = posts.id AND ptags.tag_id > 0 )
	LEFT JOIN users as usr ON ( usr.id = posts.author_id )
WHERE 
	posts.id > 0 AND
	categ.id > 0 AND
	posts.posted = 1 
-- ORDER
ORDER BY posts.posted ASC, posts.fixed DESC, posts.created_time DESC 
-- ORDER
OFFSET 0 LIMIT 10;
-- %QUERY_CACHABLE
-- USER_ID: 0
--------------------------------
2018.04.24 22:20:42:
--------------------------------
SELECT 
-- SELECT 
	posts.id as "post.id", 
	posts.title as "post.title", 
	posts.alt_title as "post.alt_title", 
	posts.descr as "post.descr", 
	posts.short_post as "post.short_post", 
	posts.author_id as "post.author_id", 
	posts.created_time as "post.created_time", 
	posts.keywords as "post.keywords", 
	posts.posted as "post.posted", 
	posts.fixed as "post.fixed", 
	posts.static as "post.static", 
	categ.id as "categ.id", 
	categ.altname as "categ.altname", 
	categ.name as "categ.name", 
	usr.login as "usr.login", 
	usr.email as "usr.email"
-- SELECT
FROM 
	posts
	LEFT JOIN categories as categ ON ( categ.id = posts.category )
	LEFT JOIN posts_tags as ptags ON ( ptags.post_id = posts.id AND ptags.tag_id > 0 )
	LEFT JOIN users as usr ON ( usr.id = posts.author_id )
WHERE 
	posts.id > 0 AND
	categ.id > 0 AND
	posts.posted = 1 
-- ORDER
ORDER BY posts.posted ASC, posts.fixed DESC, posts.created_time DESC 
-- ORDER
OFFSET 0 LIMIT 10;
-- %QUERY_CACHABLE
-- USER_ID: 0
--------------------------------
2018.04.24 22:20:42:
--------------------------------
SELECT tg.*, ptags.post_id FROM tags as tg LEFT JOIN posts_tags as ptags ON (tg.id = ptags.tag_id) WHERE tg.id > 0 AND ptags.post_id IN (4,3,2,1) ORDER by tg.name; -- %QUERY_CACHABLE
--------------------------------
2018.04.24 22:20:44:
--------------------------------
SELECT 
-- SELECT 
	posts.id as "post.id", 
	posts.title as "post.title", 
	posts.alt_title as "post.alt_title", 
	posts.descr as "post.descr", 
	posts.short_post as "post.short_post", 
	posts.author_id as "post.author_id", 
	posts.created_time as "post.created_time", 
	posts.keywords as "post.keywords", 
	posts.posted as "post.posted", 
	posts.fixed as "post.fixed", 
	posts.static as "post.static", 
	categ.id as "categ.id", 
	categ.altname as "categ.altname", 
	categ.name as "categ.name", 
	usr.login as "usr.login", 
	usr.email as "usr.email", 
	posts.full_post as "post.full_post"
-- SELECT
FROM 
	posts
	LEFT JOIN categories as categ ON ( categ.id = posts.category )
	LEFT JOIN posts_tags as ptags ON ( ptags.post_id = posts.id AND ptags.tag_id > 0 )
	LEFT JOIN users as usr ON ( usr.id = posts.author_id )
WHERE 
	posts.id > 0 AND
	categ.id > 0 AND
	posts.posted = 1 AND
	posts.id = 4 
-- ORDER
ORDER BY posts.posted ASC, posts.fixed DESC, posts.created_time DESC 
-- ORDER
OFFSET 0 LIMIT 10;
-- %QUERY_CACHABLE
-- USER_ID: 0
--------------------------------
2018.04.24 22:20:44:
--------------------------------
SELECT tg.*, ptags.post_id FROM tags as tg LEFT JOIN posts_tags as ptags ON (tg.id = ptags.tag_id) WHERE tg.id > 0 AND ptags.post_id IN (4) ORDER by tg.name; -- %QUERY_CACHABLE
--------------------------------
2018.04.24 22:20:48:
--------------------------------
SELECT 
-- SELECT 
	posts.id as "post.id", 
	posts.title as "post.title", 
	posts.alt_title as "post.alt_title", 
	posts.descr as "post.descr", 
	posts.short_post as "post.short_post", 
	posts.author_id as "post.author_id", 
	posts.created_time as "post.created_time", 
	posts.keywords as "post.keywords", 
	posts.posted as "post.posted", 
	posts.fixed as "post.fixed", 
	posts.static as "post.static", 
	categ.id as "categ.id", 
	categ.altname as "categ.altname", 
	categ.name as "categ.name", 
	usr.login as "usr.login", 
	usr.email as "usr.email"
-- SELECT
FROM 
	posts
	LEFT JOIN categories as categ ON ( categ.id = posts.category )
	LEFT JOIN posts_tags as ptags ON ( ptags.post_id = posts.id AND ptags.tag_id > 0 )
	LEFT JOIN users as usr ON ( usr.id = posts.author_id )
WHERE 
	posts.id > 0 AND
	categ.id > 0 AND
	posts.posted = 1 
-- ORDER
ORDER BY posts.posted ASC, posts.fixed DESC, posts.created_time DESC 
-- ORDER
OFFSET 0 LIMIT 10;
-- %QUERY_CACHABLE
-- USER_ID: 0
--------------------------------
2018.04.24 22:20:48:
--------------------------------
SELECT tg.*, ptags.post_id FROM tags as tg LEFT JOIN posts_tags as ptags ON (tg.id = ptags.tag_id) WHERE tg.id > 0 AND ptags.post_id IN (4,3,2,1) ORDER by tg.name; -- %QUERY_CACHABLE
--------------------------------
2018.04.24 22:20:48:
--------------------------------
SELECT 
-- SELECT 
	posts.id as "post.id", 
	posts.title as "post.title", 
	posts.alt_title as "post.alt_title", 
	posts.descr as "post.descr", 
	posts.short_post as "post.short_post", 
	posts.author_id as "post.author_id", 
	posts.created_time as "post.created_time", 
	posts.keywords as "post.keywords", 
	posts.posted as "post.posted", 
	posts.fixed as "post.fixed", 
	posts.static as "post.static", 
	categ.id as "categ.id", 
	categ.altname as "categ.altname", 
	categ.name as "categ.name", 
	usr.login as "usr.login", 
	usr.email as "usr.email"
-- SELECT
FROM 
	posts
	LEFT JOIN categories as categ ON ( categ.id = posts.category )
	LEFT JOIN posts_tags as ptags ON ( ptags.post_id = posts.id AND ptags.tag_id > 0 )
	LEFT JOIN users as usr ON ( usr.id = posts.author_id )
WHERE 
	posts.id > 0 AND
	categ.id > 0 AND
	posts.posted = 1 
-- ORDER
ORDER BY posts.posted ASC, posts.fixed DESC, posts.created_time DESC 
-- ORDER
OFFSET 0 LIMIT 10;
-- %QUERY_CACHABLE
-- USER_ID: 0
--------------------------------
2018.04.24 22:20:48:
--------------------------------
SELECT tg.*, ptags.post_id FROM tags as tg LEFT JOIN posts_tags as ptags ON (tg.id = ptags.tag_id) WHERE tg.id > 0 AND ptags.post_id IN (4,3,2,1) ORDER by tg.name; -- %QUERY_CACHABLE
--------------------------------
2018.04.24 22:20:50:
--------------------------------
SELECT 
-- SELECT 
	posts.id as "post.id", 
	posts.title as "post.title", 
	posts.alt_title as "post.alt_title", 
	posts.descr as "post.descr", 
	posts.short_post as "post.short_post", 
	posts.author_id as "post.author_id", 
	posts.created_time as "post.created_time", 
	posts.keywords as "post.keywords", 
	posts.posted as "post.posted", 
	posts.fixed as "post.fixed", 
	posts.static as "post.static", 
	categ.id as "categ.id", 
	categ.altname as "categ.altname", 
	categ.name as "categ.name", 
	usr.login as "usr.login", 
	usr.email as "usr.email"
-- SELECT
FROM 
	posts
	LEFT JOIN categories as categ ON ( categ.id = posts.category )
	LEFT JOIN posts_tags as ptags ON ( ptags.post_id = posts.id AND ptags.tag_id > 0 )
	LEFT JOIN users as usr ON ( usr.id = posts.author_id )
WHERE 
	posts.id > 0 AND
	categ.id > 0 AND
	posts.posted = 1 
-- ORDER
ORDER BY posts.posted ASC, posts.fixed DESC, posts.created_time DESC 
-- ORDER
OFFSET 0 LIMIT 10;
-- %QUERY_CACHABLE
-- USER_ID: 0
--------------------------------
2018.04.24 22:20:50:
--------------------------------
SELECT tg.*, ptags.post_id FROM tags as tg LEFT JOIN posts_tags as ptags ON (tg.id = ptags.tag_id) WHERE tg.id > 0 AND ptags.post_id IN (4,3,2,1) ORDER by tg.name; -- %QUERY_CACHABLE
--------------------------------
2018.04.24 22:20:50:
--------------------------------
SELECT 
-- SELECT 
	posts.id as "post.id", 
	posts.title as "post.title", 
	posts.alt_title as "post.alt_title", 
	posts.descr as "post.descr", 
	posts.short_post as "post.short_post", 
	posts.author_id as "post.author_id", 
	posts.created_time as "post.created_time", 
	posts.keywords as "post.keywords", 
	posts.posted as "post.posted", 
	posts.fixed as "post.fixed", 
	posts.static as "post.static", 
	categ.id as "categ.id", 
	categ.altname as "categ.altname", 
	categ.name as "categ.name", 
	usr.login as "usr.login", 
	usr.email as "usr.email"
-- SELECT
FROM 
	posts
	LEFT JOIN categories as categ ON ( categ.id = posts.category )
	LEFT JOIN posts_tags as ptags ON ( ptags.post_id = posts.id AND ptags.tag_id > 0 )
	LEFT JOIN users as usr ON ( usr.id = posts.author_id )
WHERE 
	posts.id > 0 AND
	categ.id > 0 AND
	posts.posted = 1 
-- ORDER
ORDER BY posts.posted ASC, posts.fixed DESC, posts.created_time DESC 
-- ORDER
OFFSET 0 LIMIT 10;
-- %QUERY_CACHABLE
-- USER_ID: 0
--------------------------------
2018.04.24 22:20:50:
--------------------------------
SELECT tg.*, ptags.post_id FROM tags as tg LEFT JOIN posts_tags as ptags ON (tg.id = ptags.tag_id) WHERE tg.id > 0 AND ptags.post_id IN (4,3,2,1) ORDER by tg.name; -- %QUERY_CACHABLE
--------------------------------
2018.04.24 22:20:55:
--------------------------------
SELECT id FROM users WHERE email='admin@cmska.org' and password='6b5d3fde336ba463eb445a2d5bcfc30e' LIMIT 1 OFFSET 0;
--------------------------------
2018.04.24 22:20:55:
--------------------------------
UPDATE users SET token='e92214a0914357c034e5b46e31b7d0d6', last_ip='217.115.100.95' WHERE id = 1;
--------------------------------
2018.04.24 22:20:55:
--------------------------------
SELECT * FROM users WHERE id = 1;
--------------------------------
2018.04.24 22:20:55:
--------------------------------
SELECT 
-- SELECT 
	posts.id as "post.id", 
	posts.title as "post.title", 
	posts.alt_title as "post.alt_title", 
	posts.descr as "post.descr", 
	posts.short_post as "post.short_post", 
	posts.author_id as "post.author_id", 
	posts.created_time as "post.created_time", 
	posts.keywords as "post.keywords", 
	posts.posted as "post.posted", 
	posts.fixed as "post.fixed", 
	posts.static as "post.static", 
	categ.id as "categ.id", 
	categ.altname as "categ.altname", 
	categ.name as "categ.name", 
	usr.login as "usr.login", 
	usr.email as "usr.email"
-- SELECT
FROM 
	posts
	LEFT JOIN categories as categ ON ( categ.id = posts.category )
	LEFT JOIN posts_tags as ptags ON ( ptags.post_id = posts.id AND ptags.tag_id > 0 )
	LEFT JOIN users as usr ON ( usr.id = posts.author_id )
WHERE 
	posts.id > 0 AND
	categ.id > 0 AND
	posts.posted = 1 
-- ORDER
ORDER BY posts.posted ASC, posts.fixed DESC, posts.created_time DESC 
-- ORDER
OFFSET 0 LIMIT 10;
-- %QUERY_CACHABLE
-- USER_ID: 1
--------------------------------
2018.04.24 22:20:55:
--------------------------------
SELECT tg.*, ptags.post_id FROM tags as tg LEFT JOIN posts_tags as ptags ON (tg.id = ptags.tag_id) WHERE tg.id > 0 AND ptags.post_id IN (4,3,2,1) ORDER by tg.name; -- %QUERY_CACHABLE
--------------------------------
2018.04.24 22:20:55:
--------------------------------
SELECT id, last_ip FROM users WHERE token='e92214a0914357c034e5b46e31b7d0d6' AND last_ip='217.115.100.95' LIMIT 1 OFFSET 0;
--------------------------------
2018.04.24 22:20:55:
--------------------------------
UPDATE users SET last_ip='217.115.100.95' WHERE id = 1;
--------------------------------
2018.04.24 22:20:55:
--------------------------------
SELECT * FROM users WHERE id = 1;
--------------------------------
2018.04.24 22:20:55:
--------------------------------
SELECT 
-- SELECT 
	posts.id as "post.id", 
	posts.title as "post.title", 
	posts.alt_title as "post.alt_title", 
	posts.descr as "post.descr", 
	posts.short_post as "post.short_post", 
	posts.author_id as "post.author_id", 
	posts.created_time as "post.created_time", 
	posts.keywords as "post.keywords", 
	posts.posted as "post.posted", 
	posts.fixed as "post.fixed", 
	posts.static as "post.static", 
	categ.id as "categ.id", 
	categ.altname as "categ.altname", 
	categ.name as "categ.name", 
	usr.login as "usr.login", 
	usr.email as "usr.email"
-- SELECT
FROM 
	posts
	LEFT JOIN categories as categ ON ( categ.id = posts.category )
	LEFT JOIN posts_tags as ptags ON ( ptags.post_id = posts.id AND ptags.tag_id > 0 )
	LEFT JOIN users as usr ON ( usr.id = posts.author_id )
WHERE 
	posts.id > 0 AND
	categ.id > 0 AND
	posts.posted = 1 
-- ORDER
ORDER BY posts.posted ASC, posts.fixed DESC, posts.created_time DESC 
-- ORDER
OFFSET 0 LIMIT 10;
-- %QUERY_CACHABLE
-- USER_ID: 1
--------------------------------
2018.04.24 22:20:55:
--------------------------------
SELECT tg.*, ptags.post_id FROM tags as tg LEFT JOIN posts_tags as ptags ON (tg.id = ptags.tag_id) WHERE tg.id > 0 AND ptags.post_id IN (4,3,2,1) ORDER by tg.name; -- %QUERY_CACHABLE
--------------------------------
2018.04.24 22:20:58:
--------------------------------
SELECT id, last_ip FROM users WHERE token='e92214a0914357c034e5b46e31b7d0d6' AND last_ip='217.115.100.95' LIMIT 1 OFFSET 0;
--------------------------------
2018.04.24 22:20:58:
--------------------------------
UPDATE users SET last_ip='217.115.100.95' WHERE id = 1;
--------------------------------
2018.04.24 22:20:58:
--------------------------------
SELECT * FROM users WHERE id = 1;
--------------------------------
2018.04.24 22:20:58:
--------------------------------
SELECT id, last_ip FROM users WHERE token='e92214a0914357c034e5b46e31b7d0d6' AND last_ip='217.115.100.95' LIMIT 1 OFFSET 0;
--------------------------------
2018.04.24 22:20:58:
--------------------------------
UPDATE users SET last_ip='217.115.100.95' WHERE id = 1;
--------------------------------
2018.04.24 22:20:58:
--------------------------------
SELECT * FROM users WHERE id = 1;
--------------------------------
2018.04.24 22:21:02:
--------------------------------
SELECT id, last_ip FROM users WHERE token='e92214a0914357c034e5b46e31b7d0d6' AND last_ip='217.115.100.95' LIMIT 1 OFFSET 0;
--------------------------------
2018.04.24 22:21:02:
--------------------------------
UPDATE users SET last_ip='217.115.100.95' WHERE id = 1;
--------------------------------
2018.04.24 22:21:02:
--------------------------------
SELECT * FROM users WHERE id = 1;
--------------------------------
2018.04.24 22:21:02:
--------------------------------
SELECT 
-- SELECT 
	posts.id as "post.id", 
	posts.title as "post.title", 
	posts.alt_title as "post.alt_title", 
	posts.descr as "post.descr", 
	posts.short_post as "post.short_post", 
	posts.author_id as "post.author_id", 
	posts.created_time as "post.created_time", 
	posts.keywords as "post.keywords", 
	posts.posted as "post.posted", 
	posts.fixed as "post.fixed", 
	posts.static as "post.static", 
	categ.id as "categ.id", 
	categ.altname as "categ.altname", 
	categ.name as "categ.name", 
	usr.login as "usr.login", 
	usr.email as "usr.email"
-- SELECT
FROM 
	posts
	LEFT JOIN categories as categ ON ( categ.id = posts.category )
	LEFT JOIN posts_tags as ptags ON ( ptags.post_id = posts.id AND ptags.tag_id > 0 )
	LEFT JOIN users as usr ON ( usr.id = posts.author_id )
WHERE 
	posts.id > 0 AND
	categ.id > 0 
-- ORDER
ORDER BY posts.posted ASC, posts.fixed DESC, posts.created_time DESC 
-- ORDER
OFFSET 0 LIMIT 10;
-- %QUERY_CACHABLE
-- USER_ID: 1
--------------------------------
2018.04.24 22:21:02:
--------------------------------
SELECT tg.*, ptags.post_id FROM tags as tg LEFT JOIN posts_tags as ptags ON (tg.id = ptags.tag_id) WHERE tg.id > 0 AND ptags.post_id IN (4,3,2,1) ORDER by tg.name; -- %QUERY_CACHABLE
--------------------------------
2018.04.24 22:21:04:
--------------------------------
SELECT id, last_ip FROM users WHERE token='e92214a0914357c034e5b46e31b7d0d6' AND last_ip='217.115.100.95' LIMIT 1 OFFSET 0;
--------------------------------
2018.04.24 22:21:04:
--------------------------------
UPDATE users SET last_ip='217.115.100.95' WHERE id = 1;
--------------------------------
2018.04.24 22:21:04:
--------------------------------
SELECT * FROM users WHERE id = 1;
--------------------------------
2018.04.24 22:21:04:
--------------------------------
SELECT 
-- SELECT 
	posts.id as "post.id", 
	posts.title as "post.title", 
	posts.alt_title as "post.alt_title", 
	posts.descr as "post.descr", 
	posts.short_post as "post.short_post", 
	posts.author_id as "post.author_id", 
	posts.created_time as "post.created_time", 
	posts.keywords as "post.keywords", 
	posts.posted as "post.posted", 
	posts.fixed as "post.fixed", 
	posts.static as "post.static", 
	categ.id as "categ.id", 
	categ.altname as "categ.altname", 
	categ.name as "categ.name", 
	usr.login as "usr.login", 
	usr.email as "usr.email", 
	posts.full_post as "post.full_post"
-- SELECT
FROM 
	posts
	LEFT JOIN categories as categ ON ( categ.id = posts.category )
	LEFT JOIN posts_tags as ptags ON ( ptags.post_id = posts.id AND ptags.tag_id > 0 )
	LEFT JOIN users as usr ON ( usr.id = posts.author_id )
WHERE 
	posts.id > 0 AND
	categ.id > 0 AND
	posts.id = 4 
-- ORDER
ORDER BY posts.posted ASC, posts.fixed DESC, posts.created_time DESC 
-- ORDER
OFFSET 0 LIMIT 10;
-- %QUERY_CACHABLE
-- USER_ID: 1
--------------------------------
2018.04.24 22:21:04:
--------------------------------
SELECT tg.*, ptags.post_id FROM tags as tg LEFT JOIN posts_tags as ptags ON (tg.id = ptags.tag_id) WHERE tg.id > 0 AND ptags.post_id IN (4) ORDER by tg.name; -- %QUERY_CACHABLE
--------------------------------
2018.04.24 22:21:29:
--------------------------------
SELECT id, last_ip FROM users WHERE token='e92214a0914357c034e5b46e31b7d0d6' AND last_ip='217.115.100.95' LIMIT 1 OFFSET 0;
--------------------------------
2018.04.24 22:21:29:
--------------------------------
UPDATE users SET last_ip='217.115.100.95' WHERE id = 1;
--------------------------------
2018.04.24 22:21:29:
--------------------------------
SELECT * FROM users WHERE id = 1;
--------------------------------
2018.04.24 22:21:29:
--------------------------------
SELECT 
-- SELECT 
	posts.id as "post.id", 
	posts.title as "post.title", 
	posts.alt_title as "post.alt_title", 
	posts.descr as "post.descr", 
	posts.short_post as "post.short_post", 
	posts.author_id as "post.author_id", 
	posts.created_time as "post.created_time", 
	posts.keywords as "post.keywords", 
	posts.posted as "post.posted", 
	posts.fixed as "post.fixed", 
	posts.static as "post.static", 
	categ.id as "categ.id", 
	categ.altname as "categ.altname", 
	categ.name as "categ.name", 
	usr.login as "usr.login", 
	usr.email as "usr.email"
-- SELECT
FROM 
	posts
	LEFT JOIN categories as categ ON ( categ.id = posts.category )
	LEFT JOIN posts_tags as ptags ON ( ptags.post_id = posts.id AND ptags.tag_id > 0 )
	LEFT JOIN users as usr ON ( usr.id = posts.author_id )
WHERE 
	posts.id > 0 AND
	categ.id > 0 AND
	posts.posted = 1 
-- ORDER
ORDER BY posts.posted ASC, posts.fixed DESC, posts.created_time DESC 
-- ORDER
OFFSET 0 LIMIT 10;
-- %QUERY_CACHABLE
-- USER_ID: 1
--------------------------------
2018.04.24 22:21:29:
--------------------------------
SELECT tg.*, ptags.post_id FROM tags as tg LEFT JOIN posts_tags as ptags ON (tg.id = ptags.tag_id) WHERE tg.id > 0 AND ptags.post_id IN (4,3,2,1) ORDER by tg.name; -- %QUERY_CACHABLE
--------------------------------
2018.04.24 22:21:29:
--------------------------------
SELECT id, last_ip FROM users WHERE token='e92214a0914357c034e5b46e31b7d0d6' AND last_ip='217.115.100.95' LIMIT 1 OFFSET 0;
--------------------------------
2018.04.24 22:21:29:
--------------------------------
UPDATE users SET last_ip='217.115.100.95' WHERE id = 1;
--------------------------------
2018.04.24 22:21:29:
--------------------------------
SELECT * FROM users WHERE id = 1;
--------------------------------
2018.04.24 22:21:29:
--------------------------------
SELECT 
-- SELECT 
	posts.id as "post.id", 
	posts.title as "post.title", 
	posts.alt_title as "post.alt_title", 
	posts.descr as "post.descr", 
	posts.short_post as "post.short_post", 
	posts.author_id as "post.author_id", 
	posts.created_time as "post.created_time", 
	posts.keywords as "post.keywords", 
	posts.posted as "post.posted", 
	posts.fixed as "post.fixed", 
	posts.static as "post.static", 
	categ.id as "categ.id", 
	categ.altname as "categ.altname", 
	categ.name as "categ.name", 
	usr.login as "usr.login", 
	usr.email as "usr.email"
-- SELECT
FROM 
	posts
	LEFT JOIN categories as categ ON ( categ.id = posts.category )
	LEFT JOIN posts_tags as ptags ON ( ptags.post_id = posts.id AND ptags.tag_id > 0 )
	LEFT JOIN users as usr ON ( usr.id = posts.author_id )
WHERE 
	posts.id > 0 AND
	categ.id > 0 AND
	posts.posted = 1 
-- ORDER
ORDER BY posts.posted ASC, posts.fixed DESC, posts.created_time DESC 
-- ORDER
OFFSET 0 LIMIT 10;
-- %QUERY_CACHABLE
-- USER_ID: 1
--------------------------------
2018.04.24 22:21:29:
--------------------------------
SELECT tg.*, ptags.post_id FROM tags as tg LEFT JOIN posts_tags as ptags ON (tg.id = ptags.tag_id) WHERE tg.id > 0 AND ptags.post_id IN (4,3,2,1) ORDER by tg.name; -- %QUERY_CACHABLE
--------------------------------
2018.04.24 22:22:34:
--------------------------------
SELECT id, last_ip FROM users WHERE token='e92214a0914357c034e5b46e31b7d0d6' AND last_ip='217.115.100.95' LIMIT 1 OFFSET 0;
--------------------------------
2018.04.24 22:22:34:
--------------------------------
UPDATE users SET last_ip='217.115.100.95' WHERE id = 1;
--------------------------------
2018.04.24 22:22:34:
--------------------------------
SELECT * FROM users WHERE id = 1;
--------------------------------
2018.04.24 22:22:34:
--------------------------------
SELECT 
-- SELECT 
	posts.id as "post.id", 
	posts.title as "post.title", 
	posts.alt_title as "post.alt_title", 
	posts.descr as "post.descr", 
	posts.short_post as "post.short_post", 
	posts.author_id as "post.author_id", 
	posts.created_time as "post.created_time", 
	posts.keywords as "post.keywords", 
	posts.posted as "post.posted", 
	posts.fixed as "post.fixed", 
	posts.static as "post.static", 
	categ.id as "categ.id", 
	categ.altname as "categ.altname", 
	categ.name as "categ.name", 
	usr.login as "usr.login", 
	usr.email as "usr.email"
-- SELECT
FROM 
	posts
	LEFT JOIN categories as categ ON ( categ.id = posts.category )
	LEFT JOIN posts_tags as ptags ON ( ptags.post_id = posts.id AND ptags.tag_id > 0 )
	LEFT JOIN users as usr ON ( usr.id = posts.author_id )
WHERE 
	posts.id > 0 AND
	categ.id > 0 AND
	posts.posted = 1 
-- ORDER
ORDER BY posts.posted ASC, posts.fixed DESC, posts.created_time DESC 
-- ORDER
OFFSET 0 LIMIT 10;
-- %QUERY_CACHABLE
-- USER_ID: 1
--------------------------------
2018.04.24 22:22:34:
--------------------------------
SELECT tg.*, ptags.post_id FROM tags as tg LEFT JOIN posts_tags as ptags ON (tg.id = ptags.tag_id) WHERE tg.id > 0 AND ptags.post_id IN (4,3,2,1) ORDER by tg.name; -- %QUERY_CACHABLE
--------------------------------
2018.04.24 22:22:38:
--------------------------------
SELECT id, last_ip FROM users WHERE token='e92214a0914357c034e5b46e31b7d0d6' AND last_ip='217.115.100.95' LIMIT 1 OFFSET 0;
--------------------------------
2018.04.24 22:22:38:
--------------------------------
UPDATE users SET last_ip='217.115.100.95' WHERE id = 1;
--------------------------------
2018.04.24 22:22:38:
--------------------------------
SELECT * FROM users WHERE id = 1;
--------------------------------
2018.04.24 22:22:38:
--------------------------------
SELECT 
-- SELECT 
	posts.id as "post.id", 
	posts.title as "post.title", 
	posts.alt_title as "post.alt_title", 
	posts.descr as "post.descr", 
	posts.short_post as "post.short_post", 
	posts.author_id as "post.author_id", 
	posts.created_time as "post.created_time", 
	posts.keywords as "post.keywords", 
	posts.posted as "post.posted", 
	posts.fixed as "post.fixed", 
	posts.static as "post.static", 
	categ.id as "categ.id", 
	categ.altname as "categ.altname", 
	categ.name as "categ.name", 
	usr.login as "usr.login", 
	usr.email as "usr.email", 
	posts.full_post as "post.full_post"
-- SELECT
FROM 
	posts
	LEFT JOIN categories as categ ON ( categ.id = posts.category )
	LEFT JOIN posts_tags as ptags ON ( ptags.post_id = posts.id AND ptags.tag_id > 0 )
	LEFT JOIN users as usr ON ( usr.id = posts.author_id )
WHERE 
	posts.id > 0 AND
	categ.id > 0 AND
	posts.posted = 1 AND
	posts.id = 1 
-- ORDER
ORDER BY posts.posted ASC, posts.fixed DESC, posts.created_time DESC 
-- ORDER
OFFSET 0 LIMIT 10;
-- %QUERY_CACHABLE
-- USER_ID: 1
--------------------------------
2018.04.24 22:22:38:
--------------------------------
SELECT tg.*, ptags.post_id FROM tags as tg LEFT JOIN posts_tags as ptags ON (tg.id = ptags.tag_id) WHERE tg.id > 0 AND ptags.post_id IN (1) ORDER by tg.name; -- %QUERY_CACHABLE
--------------------------------
2018.04.24 22:22:40:
--------------------------------
SELECT id, last_ip FROM users WHERE token='e92214a0914357c034e5b46e31b7d0d6' AND last_ip='217.115.100.95' LIMIT 1 OFFSET 0;
--------------------------------
2018.04.24 22:22:40:
--------------------------------
UPDATE users SET last_ip='217.115.100.95' WHERE id = 1;
--------------------------------
2018.04.24 22:22:40:
--------------------------------
SELECT * FROM users WHERE id = 1;
--------------------------------
2018.04.24 22:22:40:
--------------------------------
SELECT 
-- SELECT 
	posts.id as "post.id", 
	posts.title as "post.title", 
	posts.alt_title as "post.alt_title", 
	posts.descr as "post.descr", 
	posts.short_post as "post.short_post", 
	posts.author_id as "post.author_id", 
	posts.created_time as "post.created_time", 
	posts.keywords as "post.keywords", 
	posts.posted as "post.posted", 
	posts.fixed as "post.fixed", 
	posts.static as "post.static", 
	categ.id as "categ.id", 
	categ.altname as "categ.altname", 
	categ.name as "categ.name", 
	usr.login as "usr.login", 
	usr.email as "usr.email"
-- SELECT
FROM 
	posts
	LEFT JOIN categories as categ ON ( categ.id = posts.category )
	LEFT JOIN posts_tags as ptags ON ( ptags.post_id = posts.id AND ptags.tag_id > 0 )
	LEFT JOIN users as usr ON ( usr.id = posts.author_id )
WHERE 
	posts.id > 0 AND
	categ.id > 0 AND
	posts.posted = 1 
-- ORDER
ORDER BY posts.posted ASC, posts.fixed DESC, posts.created_time DESC 
-- ORDER
OFFSET 0 LIMIT 10;
-- %QUERY_CACHABLE
-- USER_ID: 1
--------------------------------
2018.04.24 22:22:40:
--------------------------------
SELECT tg.*, ptags.post_id FROM tags as tg LEFT JOIN posts_tags as ptags ON (tg.id = ptags.tag_id) WHERE tg.id > 0 AND ptags.post_id IN (4,3,2,1) ORDER by tg.name; -- %QUERY_CACHABLE
--------------------------------
2018.04.24 22:22:40:
--------------------------------
SELECT id, last_ip FROM users WHERE token='e92214a0914357c034e5b46e31b7d0d6' AND last_ip='217.115.100.95' LIMIT 1 OFFSET 0;
--------------------------------
2018.04.24 22:22:40:
--------------------------------
UPDATE users SET last_ip='217.115.100.95' WHERE id = 1;
--------------------------------
2018.04.24 22:22:40:
--------------------------------
SELECT * FROM users WHERE id = 1;
--------------------------------
2018.04.24 22:22:40:
--------------------------------
SELECT 
-- SELECT 
	posts.id as "post.id", 
	posts.title as "post.title", 
	posts.alt_title as "post.alt_title", 
	posts.descr as "post.descr", 
	posts.short_post as "post.short_post", 
	posts.author_id as "post.author_id", 
	posts.created_time as "post.created_time", 
	posts.keywords as "post.keywords", 
	posts.posted as "post.posted", 
	posts.fixed as "post.fixed", 
	posts.static as "post.static", 
	categ.id as "categ.id", 
	categ.altname as "categ.altname", 
	categ.name as "categ.name", 
	usr.login as "usr.login", 
	usr.email as "usr.email"
-- SELECT
FROM 
	posts
	LEFT JOIN categories as categ ON ( categ.id = posts.category )
	LEFT JOIN posts_tags as ptags ON ( ptags.post_id = posts.id AND ptags.tag_id > 0 )
	LEFT JOIN users as usr ON ( usr.id = posts.author_id )
WHERE 
	posts.id > 0 AND
	categ.id > 0 AND
	posts.posted = 1 
-- ORDER
ORDER BY posts.posted ASC, posts.fixed DESC, posts.created_time DESC 
-- ORDER
OFFSET 0 LIMIT 10;
-- %QUERY_CACHABLE
-- USER_ID: 1
--------------------------------
2018.04.24 22:22:40:
--------------------------------
SELECT tg.*, ptags.post_id FROM tags as tg LEFT JOIN posts_tags as ptags ON (tg.id = ptags.tag_id) WHERE tg.id > 0 AND ptags.post_id IN (4,3,2,1) ORDER by tg.name; -- %QUERY_CACHABLE
--------------------------------
2018.04.24 22:23:02:
--------------------------------
SELECT id, last_ip FROM users WHERE token='e92214a0914357c034e5b46e31b7d0d6' AND last_ip='217.115.100.95' LIMIT 1 OFFSET 0;
--------------------------------
2018.04.24 22:23:02:
--------------------------------
UPDATE users SET last_ip='217.115.100.95' WHERE id = 1;
--------------------------------
2018.04.24 22:23:02:
--------------------------------
SELECT * FROM users WHERE id = 1;
--------------------------------
2018.04.24 22:23:02:
--------------------------------
SELECT 
-- SELECT 
	posts.id as "post.id", 
	posts.title as "post.title", 
	posts.alt_title as "post.alt_title", 
	posts.descr as "post.descr", 
	posts.short_post as "post.short_post", 
	posts.author_id as "post.author_id", 
	posts.created_time as "post.created_time", 
	posts.keywords as "post.keywords", 
	posts.posted as "post.posted", 
	posts.fixed as "post.fixed", 
	posts.static as "post.static", 
	categ.id as "categ.id", 
	categ.altname as "categ.altname", 
	categ.name as "categ.name", 
	usr.login as "usr.login", 
	usr.email as "usr.email"
-- SELECT
FROM 
	posts
	LEFT JOIN categories as categ ON ( categ.id = posts.category )
	LEFT JOIN posts_tags as ptags ON ( ptags.post_id = posts.id AND ptags.tag_id > 0 )
	LEFT JOIN users as usr ON ( usr.id = posts.author_id )
WHERE 
	posts.id > 0 AND
	categ.id > 0 AND
	posts.posted = 1 
-- ORDER
ORDER BY posts.posted ASC, posts.fixed DESC, posts.created_time DESC 
-- ORDER
OFFSET 0 LIMIT 10;
-- %QUERY_CACHABLE
-- USER_ID: 1
--------------------------------
2018.04.24 22:23:02:
--------------------------------
SELECT tg.*, ptags.post_id FROM tags as tg LEFT JOIN posts_tags as ptags ON (tg.id = ptags.tag_id) WHERE tg.id > 0 AND ptags.post_id IN (4,3,2,1) ORDER by tg.name; -- %QUERY_CACHABLE
--------------------------------
2018.04.24 22:23:10:
--------------------------------
SELECT id, last_ip FROM users WHERE token='e92214a0914357c034e5b46e31b7d0d6' AND last_ip='217.115.100.95' LIMIT 1 OFFSET 0;
--------------------------------
2018.04.24 22:23:10:
--------------------------------
UPDATE users SET last_ip='217.115.100.95' WHERE id = 1;
--------------------------------
2018.04.24 22:23:10:
--------------------------------
SELECT * FROM users WHERE id = 1;
--------------------------------
2018.04.24 22:23:10:
--------------------------------
SELECT 
-- SELECT 
	posts.id as "post.id", 
	posts.title as "post.title", 
	posts.alt_title as "post.alt_title", 
	posts.descr as "post.descr", 
	posts.short_post as "post.short_post", 
	posts.author_id as "post.author_id", 
	posts.created_time as "post.created_time", 
	posts.keywords as "post.keywords", 
	posts.posted as "post.posted", 
	posts.fixed as "post.fixed", 
	posts.static as "post.static", 
	categ.id as "categ.id", 
	categ.altname as "categ.altname", 
	categ.name as "categ.name", 
	usr.login as "usr.login", 
	usr.email as "usr.email"
-- SELECT
FROM 
	posts
	LEFT JOIN categories as categ ON ( categ.id = posts.category )
	LEFT JOIN posts_tags as ptags ON ( ptags.post_id = posts.id AND ptags.tag_id > 0 )
	LEFT JOIN users as usr ON ( usr.id = posts.author_id )
WHERE 
	posts.id > 0 AND
	categ.id > 0 AND
	posts.posted = 1 
-- ORDER
ORDER BY posts.posted ASC, posts.fixed DESC, posts.created_time DESC 
-- ORDER
OFFSET 0 LIMIT 10;
-- %QUERY_CACHABLE
-- USER_ID: 1
--------------------------------
2018.04.24 22:23:10:
--------------------------------
SELECT tg.*, ptags.post_id FROM tags as tg LEFT JOIN posts_tags as ptags ON (tg.id = ptags.tag_id) WHERE tg.id > 0 AND ptags.post_id IN (4,3,2,1) ORDER by tg.name; -- %QUERY_CACHABLE
--------------------------------
2018.04.24 22:24:38:
--------------------------------
SELECT id, last_ip FROM users WHERE token='e92214a0914357c034e5b46e31b7d0d6' AND last_ip='217.115.100.95' LIMIT 1 OFFSET 0;
--------------------------------
2018.04.24 22:24:38:
--------------------------------
UPDATE users SET last_ip='217.115.100.95' WHERE id = 1;
--------------------------------
2018.04.24 22:24:38:
--------------------------------
SELECT * FROM users WHERE id = 1;
--------------------------------
2018.04.24 22:24:38:
--------------------------------
SELECT 
 count( posts.id ) as count 
FROM 
	posts
	LEFT JOIN categories as categ ON ( categ.id = posts.category )
	LEFT JOIN posts_tags as ptags ON ( ptags.post_id = posts.id AND ptags.tag_id > 0 )
	LEFT JOIN users as usr ON ( usr.id = posts.author_id )
WHERE 
	posts.id > 0 AND
	categ.id > 0 AND
	posts.posted = 1 

 ;
-- %QUERY_CACHABLE
-- USER_ID: 1
--------------------------------
2018.04.24 22:24:38:
--------------------------------
SELECT 
-- SELECT 
	posts.id as "post.id", 
	posts.title as "post.title", 
	posts.alt_title as "post.alt_title", 
	posts.descr as "post.descr", 
	posts.short_post as "post.short_post", 
	posts.author_id as "post.author_id", 
	posts.created_time as "post.created_time", 
	posts.keywords as "post.keywords", 
	posts.posted as "post.posted", 
	posts.fixed as "post.fixed", 
	posts.static as "post.static", 
	categ.id as "categ.id", 
	categ.altname as "categ.altname", 
	categ.name as "categ.name", 
	usr.login as "usr.login", 
	usr.email as "usr.email"
-- SELECT
FROM 
	posts
	LEFT JOIN categories as categ ON ( categ.id = posts.category )
	LEFT JOIN posts_tags as ptags ON ( ptags.post_id = posts.id AND ptags.tag_id > 0 )
	LEFT JOIN users as usr ON ( usr.id = posts.author_id )
WHERE 
	posts.id > 0 AND
	categ.id > 0 AND
	posts.posted = 1 
-- ORDER
ORDER BY posts.posted ASC, posts.fixed DESC, posts.created_time DESC 
-- ORDER
OFFSET 0 LIMIT 10;
-- %QUERY_CACHABLE
-- USER_ID: 1
--------------------------------
2018.04.24 22:24:38:
--------------------------------
SELECT tg.*, ptags.post_id FROM tags as tg LEFT JOIN posts_tags as ptags ON (tg.id = ptags.tag_id) WHERE tg.id > 0 AND ptags.post_id IN (4,3,2,1) ORDER by tg.name; -- %QUERY_CACHABLE
--------------------------------
2018.04.24 22:24:38:
--------------------------------
SELECT id, last_ip FROM users WHERE token='e92214a0914357c034e5b46e31b7d0d6' AND last_ip='217.115.100.95' LIMIT 1 OFFSET 0;
--------------------------------
2018.04.24 22:24:38:
--------------------------------
UPDATE users SET last_ip='217.115.100.95' WHERE id = 1;
--------------------------------
2018.04.24 22:24:38:
--------------------------------
SELECT * FROM users WHERE id = 1;
--------------------------------
2018.04.24 22:24:38:
--------------------------------
SELECT 
 count( posts.id ) as count 
FROM 
	posts
	LEFT JOIN categories as categ ON ( categ.id = posts.category )
	LEFT JOIN posts_tags as ptags ON ( ptags.post_id = posts.id AND ptags.tag_id > 0 )
	LEFT JOIN users as usr ON ( usr.id = posts.author_id )
WHERE 
	posts.id > 0 AND
	categ.id > 0 AND
	posts.posted = 1 

 ;
-- %QUERY_CACHABLE
-- USER_ID: 1
--------------------------------
2018.04.24 22:24:38:
--------------------------------
SELECT 
-- SELECT 
	posts.id as "post.id", 
	posts.title as "post.title", 
	posts.alt_title as "post.alt_title", 
	posts.descr as "post.descr", 
	posts.short_post as "post.short_post", 
	posts.author_id as "post.author_id", 
	posts.created_time as "post.created_time", 
	posts.keywords as "post.keywords", 
	posts.posted as "post.posted", 
	posts.fixed as "post.fixed", 
	posts.static as "post.static", 
	categ.id as "categ.id", 
	categ.altname as "categ.altname", 
	categ.name as "categ.name", 
	usr.login as "usr.login", 
	usr.email as "usr.email"
-- SELECT
FROM 
	posts
	LEFT JOIN categories as categ ON ( categ.id = posts.category )
	LEFT JOIN posts_tags as ptags ON ( ptags.post_id = posts.id AND ptags.tag_id > 0 )
	LEFT JOIN users as usr ON ( usr.id = posts.author_id )
WHERE 
	posts.id > 0 AND
	categ.id > 0 AND
	posts.posted = 1 
-- ORDER
ORDER BY posts.posted ASC, posts.fixed DESC, posts.created_time DESC 
-- ORDER
OFFSET 0 LIMIT 10;
-- %QUERY_CACHABLE
-- USER_ID: 1
--------------------------------
2018.04.24 22:24:38:
--------------------------------
SELECT tg.*, ptags.post_id FROM tags as tg LEFT JOIN posts_tags as ptags ON (tg.id = ptags.tag_id) WHERE tg.id > 0 AND ptags.post_id IN (4,3,2,1) ORDER by tg.name; -- %QUERY_CACHABLE
--------------------------------
2018.04.24 22:30:48:
--------------------------------
SELECT id, last_ip FROM users WHERE token='e92214a0914357c034e5b46e31b7d0d6' AND last_ip='217.115.100.95' LIMIT 1 OFFSET 0;
--------------------------------
2018.04.24 22:30:48:
--------------------------------
UPDATE users SET last_ip='217.115.100.95' WHERE id = 1;
--------------------------------
2018.04.24 22:30:48:
--------------------------------
SELECT * FROM users WHERE id = 1;
--------------------------------
2018.04.24 22:30:48:
--------------------------------
SELECT 
 count( posts.id ) as count 
FROM 
	posts
	LEFT JOIN categories as categ ON ( categ.id = posts.category )
	LEFT JOIN posts_tags as ptags ON ( ptags.post_id = posts.id AND ptags.tag_id > 0 )
	LEFT JOIN users as usr ON ( usr.id = posts.author_id )
WHERE 
	posts.id > 0 AND
	categ.id > 0 AND
	posts.posted = 1 

 ;
-- %QUERY_CACHABLE
-- USER_ID: 1
--------------------------------
2018.04.24 22:30:48:
--------------------------------
SELECT 
-- SELECT 
	posts.id as "post.id", 
	posts.title as "post.title", 
	posts.alt_title as "post.alt_title", 
	posts.descr as "post.descr", 
	posts.short_post as "post.short_post", 
	posts.author_id as "post.author_id", 
	posts.created_time as "post.created_time", 
	posts.keywords as "post.keywords", 
	posts.posted as "post.posted", 
	posts.fixed as "post.fixed", 
	posts.static as "post.static", 
	categ.id as "categ.id", 
	categ.altname as "categ.altname", 
	categ.name as "categ.name", 
	usr.login as "usr.login", 
	usr.email as "usr.email"
-- SELECT
FROM 
	posts
	LEFT JOIN categories as categ ON ( categ.id = posts.category )
	LEFT JOIN posts_tags as ptags ON ( ptags.post_id = posts.id AND ptags.tag_id > 0 )
	LEFT JOIN users as usr ON ( usr.id = posts.author_id )
WHERE 
	posts.id > 0 AND
	categ.id > 0 AND
	posts.posted = 1 
-- ORDER
ORDER BY posts.posted ASC, posts.fixed DESC, posts.created_time DESC 
-- ORDER
OFFSET 0 LIMIT 10;
-- %QUERY_CACHABLE
-- USER_ID: 1
--------------------------------
2018.04.24 22:30:48:
--------------------------------
SELECT tg.*, ptags.post_id FROM tags as tg LEFT JOIN posts_tags as ptags ON (tg.id = ptags.tag_id) WHERE tg.id > 0 AND ptags.post_id IN (4,3,2,1) ORDER by tg.name; -- %QUERY_CACHABLE
--------------------------------
2018.04.24 22:30:48:
--------------------------------
SELECT id, last_ip FROM users WHERE token='e92214a0914357c034e5b46e31b7d0d6' AND last_ip='217.115.100.95' LIMIT 1 OFFSET 0;
--------------------------------
2018.04.24 22:30:48:
--------------------------------
UPDATE users SET last_ip='217.115.100.95' WHERE id = 1;
--------------------------------
2018.04.24 22:30:48:
--------------------------------
SELECT * FROM users WHERE id = 1;
--------------------------------
2018.04.24 22:30:48:
--------------------------------
SELECT 
 count( posts.id ) as count 
FROM 
	posts
	LEFT JOIN categories as categ ON ( categ.id = posts.category )
	LEFT JOIN posts_tags as ptags ON ( ptags.post_id = posts.id AND ptags.tag_id > 0 )
	LEFT JOIN users as usr ON ( usr.id = posts.author_id )
WHERE 
	posts.id > 0 AND
	categ.id > 0 AND
	posts.posted = 1 

 ;
-- %QUERY_CACHABLE
-- USER_ID: 1
--------------------------------
2018.04.24 22:30:48:
--------------------------------
SELECT 
-- SELECT 
	posts.id as "post.id", 
	posts.title as "post.title", 
	posts.alt_title as "post.alt_title", 
	posts.descr as "post.descr", 
	posts.short_post as "post.short_post", 
	posts.author_id as "post.author_id", 
	posts.created_time as "post.created_time", 
	posts.keywords as "post.keywords", 
	posts.posted as "post.posted", 
	posts.fixed as "post.fixed", 
	posts.static as "post.static", 
	categ.id as "categ.id", 
	categ.altname as "categ.altname", 
	categ.name as "categ.name", 
	usr.login as "usr.login", 
	usr.email as "usr.email"
-- SELECT
FROM 
	posts
	LEFT JOIN categories as categ ON ( categ.id = posts.category )
	LEFT JOIN posts_tags as ptags ON ( ptags.post_id = posts.id AND ptags.tag_id > 0 )
	LEFT JOIN users as usr ON ( usr.id = posts.author_id )
WHERE 
	posts.id > 0 AND
	categ.id > 0 AND
	posts.posted = 1 
-- ORDER
ORDER BY posts.posted ASC, posts.fixed DESC, posts.created_time DESC 
-- ORDER
OFFSET 0 LIMIT 10;
-- %QUERY_CACHABLE
-- USER_ID: 1
--------------------------------
2018.04.24 22:30:48:
--------------------------------
SELECT tg.*, ptags.post_id FROM tags as tg LEFT JOIN posts_tags as ptags ON (tg.id = ptags.tag_id) WHERE tg.id > 0 AND ptags.post_id IN (4,3,2,1) ORDER by tg.name; -- %QUERY_CACHABLE
--------------------------------
2018.04.24 22:30:50:
--------------------------------
SELECT id, last_ip FROM users WHERE token='e92214a0914357c034e5b46e31b7d0d6' AND last_ip='217.115.100.95' LIMIT 1 OFFSET 0;
--------------------------------
2018.04.24 22:30:50:
--------------------------------
UPDATE users SET last_ip='217.115.100.95' WHERE id = 1;
--------------------------------
2018.04.24 22:30:50:
--------------------------------
SELECT * FROM users WHERE id = 1;
--------------------------------
2018.04.24 22:30:50:
--------------------------------
SELECT 
 count( posts.id ) as count 
FROM 
	posts
	LEFT JOIN categories as categ ON ( categ.id = posts.category )
	LEFT JOIN posts_tags as ptags ON ( ptags.post_id = posts.id AND ptags.tag_id > 0 )
	LEFT JOIN users as usr ON ( usr.id = posts.author_id )
WHERE 
	posts.id > 0 AND
	categ.id > 0 AND
	posts.posted = 1 

 ;
-- %QUERY_CACHABLE
-- USER_ID: 1
--------------------------------
2018.04.24 22:30:50:
--------------------------------
SELECT 
-- SELECT 
	posts.id as "post.id", 
	posts.title as "post.title", 
	posts.alt_title as "post.alt_title", 
	posts.descr as "post.descr", 
	posts.short_post as "post.short_post", 
	posts.author_id as "post.author_id", 
	posts.created_time as "post.created_time", 
	posts.keywords as "post.keywords", 
	posts.posted as "post.posted", 
	posts.fixed as "post.fixed", 
	posts.static as "post.static", 
	categ.id as "categ.id", 
	categ.altname as "categ.altname", 
	categ.name as "categ.name", 
	usr.login as "usr.login", 
	usr.email as "usr.email"
-- SELECT
FROM 
	posts
	LEFT JOIN categories as categ ON ( categ.id = posts.category )
	LEFT JOIN posts_tags as ptags ON ( ptags.post_id = posts.id AND ptags.tag_id > 0 )
	LEFT JOIN users as usr ON ( usr.id = posts.author_id )
WHERE 
	posts.id > 0 AND
	categ.id > 0 AND
	posts.posted = 1 
-- ORDER
ORDER BY posts.posted ASC, posts.fixed DESC, posts.created_time DESC 
-- ORDER
OFFSET 0 LIMIT 10;
-- %QUERY_CACHABLE
-- USER_ID: 1
--------------------------------
2018.04.24 22:30:50:
--------------------------------
SELECT tg.*, ptags.post_id FROM tags as tg LEFT JOIN posts_tags as ptags ON (tg.id = ptags.tag_id) WHERE tg.id > 0 AND ptags.post_id IN (4,3,2,1) ORDER by tg.name; -- %QUERY_CACHABLE
--------------------------------
2018.04.24 22:30:50:
--------------------------------
SELECT id, last_ip FROM users WHERE token='e92214a0914357c034e5b46e31b7d0d6' AND last_ip='217.115.100.95' LIMIT 1 OFFSET 0;
--------------------------------
2018.04.24 22:30:50:
--------------------------------
UPDATE users SET last_ip='217.115.100.95' WHERE id = 1;
--------------------------------
2018.04.24 22:30:50:
--------------------------------
SELECT * FROM users WHERE id = 1;
--------------------------------
2018.04.24 22:30:50:
--------------------------------
SELECT 
 count( posts.id ) as count 
FROM 
	posts
	LEFT JOIN categories as categ ON ( categ.id = posts.category )
	LEFT JOIN posts_tags as ptags ON ( ptags.post_id = posts.id AND ptags.tag_id > 0 )
	LEFT JOIN users as usr ON ( usr.id = posts.author_id )
WHERE 
	posts.id > 0 AND
	categ.id > 0 AND
	posts.posted = 1 

 ;
-- %QUERY_CACHABLE
-- USER_ID: 1
--------------------------------
2018.04.24 22:30:50:
--------------------------------
SELECT 
-- SELECT 
	posts.id as "post.id", 
	posts.title as "post.title", 
	posts.alt_title as "post.alt_title", 
	posts.descr as "post.descr", 
	posts.short_post as "post.short_post", 
	posts.author_id as "post.author_id", 
	posts.created_time as "post.created_time", 
	posts.keywords as "post.keywords", 
	posts.posted as "post.posted", 
	posts.fixed as "post.fixed", 
	posts.static as "post.static", 
	categ.id as "categ.id", 
	categ.altname as "categ.altname", 
	categ.name as "categ.name", 
	usr.login as "usr.login", 
	usr.email as "usr.email"
-- SELECT
FROM 
	posts
	LEFT JOIN categories as categ ON ( categ.id = posts.category )
	LEFT JOIN posts_tags as ptags ON ( ptags.post_id = posts.id AND ptags.tag_id > 0 )
	LEFT JOIN users as usr ON ( usr.id = posts.author_id )
WHERE 
	posts.id > 0 AND
	categ.id > 0 AND
	posts.posted = 1 
-- ORDER
ORDER BY posts.posted ASC, posts.fixed DESC, posts.created_time DESC 
-- ORDER
OFFSET 0 LIMIT 10;
-- %QUERY_CACHABLE
-- USER_ID: 1
--------------------------------
2018.04.24 22:30:50:
--------------------------------
SELECT tg.*, ptags.post_id FROM tags as tg LEFT JOIN posts_tags as ptags ON (tg.id = ptags.tag_id) WHERE tg.id > 0 AND ptags.post_id IN (4,3,2,1) ORDER by tg.name; -- %QUERY_CACHABLE
--------------------------------
2018.04.24 22:32:54:
--------------------------------
SELECT id, last_ip FROM users WHERE token='e92214a0914357c034e5b46e31b7d0d6' AND last_ip='217.115.100.95' LIMIT 1 OFFSET 0;
--------------------------------
2018.04.24 22:32:54:
--------------------------------
UPDATE users SET last_ip='217.115.100.95' WHERE id = 1;
--------------------------------
2018.04.24 22:32:54:
--------------------------------
SELECT * FROM users WHERE id = 1;
--------------------------------
2018.04.24 22:32:54:
--------------------------------
SELECT 
 count( posts.id ) as count 
FROM 
	posts
	LEFT JOIN categories as categ ON ( categ.id = posts.category )
	LEFT JOIN posts_tags as ptags ON ( ptags.post_id = posts.id AND ptags.tag_id > 0 )
	LEFT JOIN users as usr ON ( usr.id = posts.author_id )
WHERE 
	posts.id > 0 AND
	categ.id > 0 AND
	posts.posted = 1 

 ;
-- %QUERY_CACHABLE
-- USER_ID: 1
--------------------------------
2018.04.24 22:32:54:
--------------------------------
SELECT 
-- SELECT 
	posts.id as "post.id", 
	posts.title as "post.title", 
	posts.alt_title as "post.alt_title", 
	posts.descr as "post.descr", 
	posts.short_post as "post.short_post", 
	posts.author_id as "post.author_id", 
	posts.created_time as "post.created_time", 
	posts.keywords as "post.keywords", 
	posts.posted as "post.posted", 
	posts.fixed as "post.fixed", 
	posts.static as "post.static", 
	categ.id as "categ.id", 
	categ.altname as "categ.altname", 
	categ.name as "categ.name", 
	usr.login as "usr.login", 
	usr.email as "usr.email"
-- SELECT
FROM 
	posts
	LEFT JOIN categories as categ ON ( categ.id = posts.category )
	LEFT JOIN posts_tags as ptags ON ( ptags.post_id = posts.id AND ptags.tag_id > 0 )
	LEFT JOIN users as usr ON ( usr.id = posts.author_id )
WHERE 
	posts.id > 0 AND
	categ.id > 0 AND
	posts.posted = 1 
-- ORDER
ORDER BY posts.posted ASC, posts.fixed DESC, posts.created_time DESC 
-- ORDER
OFFSET 0 LIMIT 10;
-- %QUERY_CACHABLE
-- USER_ID: 1
--------------------------------
2018.04.24 22:32:54:
--------------------------------
SELECT tg.*, ptags.post_id FROM tags as tg LEFT JOIN posts_tags as ptags ON (tg.id = ptags.tag_id) WHERE tg.id > 0 AND ptags.post_id IN (4,3,2,1) ORDER by tg.name; -- %QUERY_CACHABLE
--------------------------------
2018.04.24 22:32:54:
--------------------------------
SELECT id, last_ip FROM users WHERE token='e92214a0914357c034e5b46e31b7d0d6' AND last_ip='217.115.100.95' LIMIT 1 OFFSET 0;
--------------------------------
2018.04.24 22:32:54:
--------------------------------
UPDATE users SET last_ip='217.115.100.95' WHERE id = 1;
--------------------------------
2018.04.24 22:32:54:
--------------------------------
SELECT * FROM users WHERE id = 1;
--------------------------------
2018.04.24 22:32:54:
--------------------------------
SELECT 
 count( posts.id ) as count 
FROM 
	posts
	LEFT JOIN categories as categ ON ( categ.id = posts.category )
	LEFT JOIN posts_tags as ptags ON ( ptags.post_id = posts.id AND ptags.tag_id > 0 )
	LEFT JOIN users as usr ON ( usr.id = posts.author_id )
WHERE 
	posts.id > 0 AND
	categ.id > 0 AND
	posts.posted = 1 

 ;
-- %QUERY_CACHABLE
-- USER_ID: 1
--------------------------------
2018.04.24 22:32:54:
--------------------------------
SELECT 
-- SELECT 
	posts.id as "post.id", 
	posts.title as "post.title", 
	posts.alt_title as "post.alt_title", 
	posts.descr as "post.descr", 
	posts.short_post as "post.short_post", 
	posts.author_id as "post.author_id", 
	posts.created_time as "post.created_time", 
	posts.keywords as "post.keywords", 
	posts.posted as "post.posted", 
	posts.fixed as "post.fixed", 
	posts.static as "post.static", 
	categ.id as "categ.id", 
	categ.altname as "categ.altname", 
	categ.name as "categ.name", 
	usr.login as "usr.login", 
	usr.email as "usr.email"
-- SELECT
FROM 
	posts
	LEFT JOIN categories as categ ON ( categ.id = posts.category )
	LEFT JOIN posts_tags as ptags ON ( ptags.post_id = posts.id AND ptags.tag_id > 0 )
	LEFT JOIN users as usr ON ( usr.id = posts.author_id )
WHERE 
	posts.id > 0 AND
	categ.id > 0 AND
	posts.posted = 1 
-- ORDER
ORDER BY posts.posted ASC, posts.fixed DESC, posts.created_time DESC 
-- ORDER
OFFSET 0 LIMIT 10;
-- %QUERY_CACHABLE
-- USER_ID: 1
--------------------------------
2018.04.24 22:32:54:
--------------------------------
SELECT tg.*, ptags.post_id FROM tags as tg LEFT JOIN posts_tags as ptags ON (tg.id = ptags.tag_id) WHERE tg.id > 0 AND ptags.post_id IN (4,3,2,1) ORDER by tg.name; -- %QUERY_CACHABLE
--------------------------------
2018.04.24 22:37:07:
--------------------------------
SELECT id, last_ip FROM users WHERE token='e92214a0914357c034e5b46e31b7d0d6' AND last_ip='217.115.100.95' LIMIT 1 OFFSET 0;
--------------------------------
2018.04.24 22:37:07:
--------------------------------
UPDATE users SET last_ip='217.115.100.95' WHERE id = 1;
--------------------------------
2018.04.24 22:37:07:
--------------------------------
SELECT * FROM users WHERE id = 1;
--------------------------------
2018.04.24 22:37:07:
--------------------------------
SELECT 
 count( posts.id ) as count 
FROM 
	posts
	LEFT JOIN categories as categ ON ( categ.id = posts.category )
	LEFT JOIN posts_tags as ptags ON ( ptags.post_id = posts.id AND ptags.tag_id > 0 )
	LEFT JOIN users as usr ON ( usr.id = posts.author_id )
WHERE 
	posts.id > 0 AND
	categ.id > 0 

 ;
-- %QUERY_CACHABLE
-- USER_ID: 1
--------------------------------
2018.04.24 22:37:07:
--------------------------------
SELECT 
-- SELECT 
	posts.id as "post.id", 
	posts.title as "post.title", 
	posts.alt_title as "post.alt_title", 
	posts.descr as "post.descr", 
	posts.short_post as "post.short_post", 
	posts.author_id as "post.author_id", 
	posts.created_time as "post.created_time", 
	posts.keywords as "post.keywords", 
	posts.posted as "post.posted", 
	posts.fixed as "post.fixed", 
	posts.static as "post.static", 
	categ.id as "categ.id", 
	categ.altname as "categ.altname", 
	categ.name as "categ.name", 
	usr.login as "usr.login", 
	usr.email as "usr.email"
-- SELECT
FROM 
	posts
	LEFT JOIN categories as categ ON ( categ.id = posts.category )
	LEFT JOIN posts_tags as ptags ON ( ptags.post_id = posts.id AND ptags.tag_id > 0 )
	LEFT JOIN users as usr ON ( usr.id = posts.author_id )
WHERE 
	posts.id > 0 AND
	categ.id > 0 
-- ORDER
ORDER BY posts.posted ASC, posts.fixed DESC, posts.created_time DESC 
-- ORDER
OFFSET 0 LIMIT 10;
-- %QUERY_CACHABLE
-- USER_ID: 1
--------------------------------
2018.04.24 22:37:07:
--------------------------------
SELECT tg.*, ptags.post_id FROM tags as tg LEFT JOIN posts_tags as ptags ON (tg.id = ptags.tag_id) WHERE tg.id > 0 AND ptags.post_id IN (4,3,2,1) ORDER by tg.name; -- %QUERY_CACHABLE
--------------------------------
2018.04.24 22:37:09:
--------------------------------
SELECT id, last_ip FROM users WHERE token='e92214a0914357c034e5b46e31b7d0d6' AND last_ip='217.115.100.95' LIMIT 1 OFFSET 0;
--------------------------------
2018.04.24 22:37:09:
--------------------------------
UPDATE users SET last_ip='217.115.100.95' WHERE id = 1;
--------------------------------
2018.04.24 22:37:09:
--------------------------------
SELECT * FROM users WHERE id = 1;
--------------------------------
2018.04.24 22:37:09:
--------------------------------
SELECT 
 count( posts.id ) as count 
FROM 
	posts
	LEFT JOIN categories as categ ON ( categ.id = posts.category )
	LEFT JOIN posts_tags as ptags ON ( ptags.post_id = posts.id AND ptags.tag_id > 0 )
	LEFT JOIN users as usr ON ( usr.id = posts.author_id )
WHERE 
	posts.id > 0 AND
	categ.id > 0 AND
	posts.id = 3 

 ;
-- %QUERY_CACHABLE
-- USER_ID: 1
--------------------------------
2018.04.24 22:37:09:
--------------------------------
SELECT 
-- SELECT 
	posts.id as "post.id", 
	posts.title as "post.title", 
	posts.alt_title as "post.alt_title", 
	posts.descr as "post.descr", 
	posts.short_post as "post.short_post", 
	posts.author_id as "post.author_id", 
	posts.created_time as "post.created_time", 
	posts.keywords as "post.keywords", 
	posts.posted as "post.posted", 
	posts.fixed as "post.fixed", 
	posts.static as "post.static", 
	categ.id as "categ.id", 
	categ.altname as "categ.altname", 
	categ.name as "categ.name", 
	usr.login as "usr.login", 
	usr.email as "usr.email", 
	posts.full_post as "post.full_post"
-- SELECT
FROM 
	posts
	LEFT JOIN categories as categ ON ( categ.id = posts.category )
	LEFT JOIN posts_tags as ptags ON ( ptags.post_id = posts.id AND ptags.tag_id > 0 )
	LEFT JOIN users as usr ON ( usr.id = posts.author_id )
WHERE 
	posts.id > 0 AND
	categ.id > 0 AND
	posts.id = 3 
-- ORDER
ORDER BY posts.posted ASC, posts.fixed DESC, posts.created_time DESC 
-- ORDER
OFFSET 0 LIMIT 10;
-- %QUERY_CACHABLE
-- USER_ID: 1
--------------------------------
2018.04.24 22:37:09:
--------------------------------
SELECT tg.*, ptags.post_id FROM tags as tg LEFT JOIN posts_tags as ptags ON (tg.id = ptags.tag_id) WHERE tg.id > 0 AND ptags.post_id IN (3) ORDER by tg.name; -- %QUERY_CACHABLE
--------------------------------
